Using pre-set license
Built from '2022.1/staging' branch; Version is '2022.1.8f1 (2961e8c2b463) revision 2712040'; Using compiler version '192829333'; Build Type 'Release'
OS: 'Windows 11  (10.0.22621) 64bit CoreSingleLanguage' Language: 'en' Physical Memory: 15790 MB
BatchMode: 1, IsHumanControllingUs: 0, StartBugReporterOnCrash: 0, Is64bit: 1, IsPro: 1

COMMAND LINE ARGUMENTS:
C:\Unity\Unity Version\2022.1.8f1\Editor\Unity.exe
-adb2
-batchMode
-noUpm
-name
AssetImportWorker0
-projectPath
D:/Unity Project/2023 Project/Erik The Scientist
-logFile
Logs/AssetImportWorker0.log
-srvPort
52792
Successfully changed project path to: D:/Unity Project/2023 Project/Erik The Scientist
D:/Unity Project/2023 Project/Erik The Scientist
[UnityMemory] Configuration Parameters - Can be set up in boot.config
    "memorysetup-bucket-allocator-granularity=16"
    "memorysetup-bucket-allocator-bucket-count=8"
    "memorysetup-bucket-allocator-block-size=33554432"
    "memorysetup-bucket-allocator-block-count=8"
    "memorysetup-main-allocator-block-size=16777216"
    "memorysetup-thread-allocator-block-size=16777216"
    "memorysetup-gfx-main-allocator-block-size=16777216"
    "memorysetup-gfx-thread-allocator-block-size=16777216"
    "memorysetup-cache-allocator-block-size=4194304"
    "memorysetup-typetree-allocator-block-size=2097152"
    "memorysetup-profiler-bucket-allocator-granularity=16"
    "memorysetup-profiler-bucket-allocator-bucket-count=8"
    "memorysetup-profiler-bucket-allocator-block-size=33554432"
    "memorysetup-profiler-bucket-allocator-block-count=8"
    "memorysetup-profiler-allocator-block-size=16777216"
    "memorysetup-profiler-editor-allocator-block-size=1048576"
    "memorysetup-temp-allocator-size-main=16777216"
    "memorysetup-job-temp-allocator-block-size=2097152"
    "memorysetup-job-temp-allocator-block-size-background=1048576"
    "memorysetup-job-temp-allocator-reduction-small-platforms=262144"
    "memorysetup-temp-allocator-size-background-worker=32768"
    "memorysetup-temp-allocator-size-job-worker=262144"
    "memorysetup-temp-allocator-size-preload-manager=33554432"
    "memorysetup-temp-allocator-size-nav-mesh-worker=65536"
    "memorysetup-temp-allocator-size-audio-worker=65536"
    "memorysetup-temp-allocator-size-cloud-worker=32768"
    "memorysetup-temp-allocator-size-gi-baking-worker=262144"
    "memorysetup-temp-allocator-size-gfx=262144"
Refreshing native plugins compatible for Editor in 20.10 ms, found 2 plugins.
Preloading 0 native plugins for Editor in 0.00 ms.
Initialize engine version: 2022.1.8f1 (2961e8c2b463)
[Subsystems] Discovering subsystems at path C:/Unity/Unity Version/2022.1.8f1/Editor/Data/Resources/UnitySubsystems
[Subsystems] Discovering subsystems at path D:/Unity Project/2023 Project/Erik The Scientist/Assets
GfxDevice: creating device client; threaded=0; jobified=0
Direct3D:
    Version:  Direct3D 11.0 [level 11.1]
    Renderer: NVIDIA GeForce RTX 3050 Laptop GPU (ID=0x25a2)
    Vendor:   NVIDIA
    VRAM:     3977 MB
    Driver:   31.0.15.2756
Initialize mono
Mono path[0] = 'C:/Unity/Unity Version/2022.1.8f1/Editor/Data/Managed'
Mono path[1] = 'C:/Unity/Unity Version/2022.1.8f1/Editor/Data/MonoBleedingEdge/lib/mono/unityjit-win32'
Mono config path = 'C:/Unity/Unity Version/2022.1.8f1/Editor/Data/MonoBleedingEdge/etc'
Using monoOptions --debugger-agent=transport=dt_socket,embedding=1,server=y,suspend=n,address=127.0.0.1:56592
Begin MonoManager ReloadAssembly
Registering precompiled unity dll's ...
Register platform support module: C:/Unity/Unity Version/2022.1.8f1/Editor/Data/PlaybackEngines/WindowsStandaloneSupport/UnityEditor.WindowsStandalone.Extensions.dll
Registered in 0.003298 seconds.
Native extension for WindowsStandalone target not found
Refreshing native plugins compatible for Editor in 16.26 ms, found 2 plugins.
Preloading 0 native plugins for Editor in 0.00 ms.
Mono: successfully reloaded assembly
- Completed reload, in  0.623 seconds
Domain Reload Profiling:
	ReloadAssembly (624ms)
		BeginReloadAssembly (72ms)
			ExecutionOrderSort (0ms)
			DisableScriptedObjects (0ms)
			BackupInstance (0ms)
			ReleaseScriptingObjects (0ms)
			CreateAndSetChildDomain (1ms)
		EndReloadAssembly (441ms)
			LoadAssemblies (70ms)
			RebuildTransferFunctionScriptingTraits (0ms)
			SetupTypeCache (115ms)
				TypeCache.Initialize (115ms)
					TypeCache.ScanAssembly (113ms)
				ResolveRequiredComponents (0ms)
			ReleaseScriptCaches (0ms)
			RebuildScriptCaches (31ms)
			SetupLoadedEditorAssemblies (235ms)
				LogAssemblyErrors (0ms)
				InitializePlatformSupportModulesInManaged (8ms)
				SetLoadedEditorAssemblies (8ms)
				RefreshPlugins (16ms)
				BeforeProcessingInitializeOnLoad (1ms)
				ProcessInitializeOnLoadAttributes (150ms)
				ProcessInitializeOnLoadMethodAttributes (51ms)
				AfterProcessingInitializeOnLoad (0ms)
				EditorAssembliesLoaded (0ms)
			ExecutionOrderSort2 (0ms)
			AwakeInstancesAfterBackupRestoration (0ms)
Platform modules already initialized, skipping
Registering precompiled user dll's ...
Registered in 0.001840 seconds.
Begin MonoManager ReloadAssembly
Native extension for WindowsStandalone target not found
Refreshing native plugins compatible for Editor in 0.35 ms, found 2 plugins.
Preloading 0 native plugins for Editor in 0.00 ms.
System.MissingMethodException: Method not found: void UnityEditor.PluginImporter.SetShouldOverridePredicate(System.Predicate`1<string>)
UnityEngine.StackTraceUtility:ExtractStackTrace ()
UnityEngine.DebugLogHandler:LogFormat (UnityEngine.LogType,UnityEngine.Object,string,object[])
UnityEngine.Logger:Log (UnityEngine.LogType,object)
UnityEngine.Debug:LogError (object)
UnityEditor.EditorAssemblies:ProcessInitializeOnLoadAttributes (System.Type[])

Mono: successfully reloaded assembly
- Completed reload, in  0.659 seconds
Domain Reload Profiling:
	ReloadAssembly (660ms)
		BeginReloadAssembly (119ms)
			ExecutionOrderSort (0ms)
			DisableScriptedObjects (5ms)
			BackupInstance (0ms)
			ReleaseScriptingObjects (0ms)
			CreateAndSetChildDomain (24ms)
		EndReloadAssembly (423ms)
			LoadAssemblies (58ms)
			RebuildTransferFunctionScriptingTraits (0ms)
			SetupTypeCache (116ms)
				TypeCache.Initialize (116ms)
					TypeCache.ScanAssembly (113ms)
				ResolveRequiredComponents (1ms)
			ReleaseScriptCaches (0ms)
			RebuildScriptCaches (26ms)
			SetupLoadedEditorAssemblies (169ms)
				LogAssemblyErrors (0ms)
				InitializePlatformSupportModulesInManaged (5ms)
				SetLoadedEditorAssemblies (6ms)
				RefreshPlugins (0ms)
				BeforeProcessingInitializeOnLoad (29ms)
				ProcessInitializeOnLoadAttributes (104ms)
				ProcessInitializeOnLoadMethodAttributes (19ms)
				AfterProcessingInitializeOnLoad (5ms)
				EditorAssembliesLoaded (0ms)
			ExecutionOrderSort2 (0ms)
			AwakeInstancesAfterBackupRestoration (6ms)
Platform modules already initialized, skipping
========================================================================
Worker process is ready to serve import requests
Launched and connected shader compiler UnityShaderCompiler.exe after 0.05 seconds
Refreshing native plugins compatible for Editor in 0.85 ms, found 2 plugins.
Preloading 0 native plugins for Editor in 0.00 ms.
Unloading 306 Unused Serialized files (Serialized files now loaded: 0)
Unloading 16 unused Assets / (442.1 KB). Loaded Objects now: 778.
Memory consumption went from 91.3 MB to 90.8 MB.
Total: 6.111500 ms (FindLiveObjects: 0.103200 ms CreateObjectMapping: 0.016300 ms MarkObjects: 5.262400 ms  DeleteObjects: 0.727200 ms)

AssetImportParameters requested are different than current active one (requested -> active):
  custom:video-decoder-ogg-theora: a1e56fd34408186e4bbccfd4996cb3dc -> 
  custom:container-muxer-webm: aa71ff27fc2769a1b78a27578f13a17b -> 
  custom:container-demuxer-webm: 4f35f7cbe854078d1ac9338744f61a02 -> 
  custom:video-encoder-webm-vp8: eb34c28f22e8b96e1ab97ce403110664 -> 
  custom:video-codec-MediaFoundation-h265: 746d11721c4dcdbdad8f713fa42b33f4 -> 
  custom:audio-encoder-webm-vorbis: bf7c407c2cedff20999df2af8eb42d56 -> 
  custom:framework-win-MediaFoundation: 216162199b28c13a410421893ffa2e32 -> 
  custom:container-demuxer-ogg: 62fdf1f143b41e24485cea50d1cbac27 -> 
  custom:video-decoder-webm-vp8: 9c59270c3fd7afecdb556c50c9e8de78 -> 
  custom:audio-decoder-ogg-vorbis: bf7c407c2cedff20999df2af8eb42d56 -> 
========================================================================
Received Import Request.
  Time since last request: 39333.165343 seconds.
  path: Assets/Scenes
  artifactKey: Guid(4f704ae4b4f98ae41a0bce26658850c1) Importer(815301076,1909f56bfc062723c751e8b465ee728b)
Start importing Assets/Scenes using Guid(4f704ae4b4f98ae41a0bce26658850c1) Importer(815301076,1909f56bfc062723c751e8b465ee728b)  -> (artifact id: '5336d70c7d0b90ab7f0defb587b15bfd') in 0.005957 seconds 
========================================================================
Received Import Request.
  Time since last request: 51.893998 seconds.
  path: Assets/SampleScenes/Scenes
  artifactKey: Guid(26c0bbb8e6792b546bf28bbe08d7c96d) Importer(815301076,1909f56bfc062723c751e8b465ee728b)
Start importing Assets/SampleScenes/Scenes using Guid(26c0bbb8e6792b546bf28bbe08d7c96d) Importer(815301076,1909f56bfc062723c751e8b465ee728b)  -> (artifact id: '1e63669242dbabe6b3669cf98ab58259') in 0.001558 seconds 
========================================================================
Received Import Request.
  Time since last request: 7.500855 seconds.
  path: Assets/SampleScenes/Scenes/CharacterFirstPerson.unity
  artifactKey: Guid(f2f18f678332b48458bb0e9c5ab081bf) Importer(815301076,1909f56bfc062723c751e8b465ee728b)
Start importing Assets/SampleScenes/Scenes/CharacterFirstPerson.unity using Guid(f2f18f678332b48458bb0e9c5ab081bf) Importer(815301076,1909f56bfc062723c751e8b465ee728b)  -> (artifact id: '847d38a59f357ecbc2964de322d4ce04') in 0.005265 seconds 
========================================================================
Received Import Request.
  Time since last request: 9.828480 seconds.
  path: Assets/SampleScenes/Scenes/AircraftJet2Axis.unity
  artifactKey: Guid(1648d99da5b4a7c4582afcd4b5660f01) Importer(815301076,1909f56bfc062723c751e8b465ee728b)
Start importing Assets/SampleScenes/Scenes/AircraftJet2Axis.unity using Guid(1648d99da5b4a7c4582afcd4b5660f01) Importer(815301076,1909f56bfc062723c751e8b465ee728b)  -> (artifact id: '73ebb6535222d1ba75cd9044d5bdf074') in 0.005481 seconds 
========================================================================
Received Import Request.
  Time since last request: 1.982272 seconds.
  path: Assets/SampleScenes/Scenes/CarAIWaypointBased.unity
  artifactKey: Guid(81ce53b350e0a3247ae838c0d57967ab) Importer(815301076,1909f56bfc062723c751e8b465ee728b)
Start importing Assets/SampleScenes/Scenes/CarAIWaypointBased.unity using Guid(81ce53b350e0a3247ae838c0d57967ab) Importer(815301076,1909f56bfc062723c751e8b465ee728b)  -> (artifact id: 'e688ca10f108d286aa45f57461d337d5') in 0.004919 seconds 
========================================================================
Received Import Request.
  Time since last request: 5.523911 seconds.
  path: Assets/SampleScenes/Scenes/CharacterThirdPerson.unity
  artifactKey: Guid(0cb5d44a4c963f145acdb0a0c95d9d1b) Importer(815301076,1909f56bfc062723c751e8b465ee728b)
Start importing Assets/SampleScenes/Scenes/CharacterThirdPerson.unity using Guid(0cb5d44a4c963f145acdb0a0c95d9d1b) Importer(815301076,1909f56bfc062723c751e8b465ee728b)  -> (artifact id: 'fa4f67e26a2044dca16f4e712da36fcd') in 0.005445 seconds 
========================================================================
Received Import Request.
  Time since last request: 8.947526 seconds.
  path: Assets/SampleScenes/Scenes/CharacterThirdPersonAI
  artifactKey: Guid(c3ed31e3b158a9e4994bd4c23c947afb) Importer(815301076,1909f56bfc062723c751e8b465ee728b)
Start importing Assets/SampleScenes/Scenes/CharacterThirdPersonAI using Guid(c3ed31e3b158a9e4994bd4c23c947afb) Importer(815301076,1909f56bfc062723c751e8b465ee728b)  -> (artifact id: '8c55b05f20ba36f9f3f81b5c65cfafc0') in 0.005562 seconds 
========================================================================
Received Import Request.
  Time since last request: 0.019865 seconds.
  path: Assets/SampleScenes/Scenes/CharacterThirdPersonAI/NavMesh.asset
  artifactKey: Guid(16a894ad965db4c4b87f2774a6863f12) Importer(815301076,1909f56bfc062723c751e8b465ee728b)
Start importing Assets/SampleScenes/Scenes/CharacterThirdPersonAI/NavMesh.asset using Guid(16a894ad965db4c4b87f2774a6863f12) Importer(815301076,1909f56bfc062723c751e8b465ee728b)  -> (artifact id: '42a7973048dacfe19389b4a045bb99c0') in 0.031211 seconds 
========================================================================
Received Import Request.
  Time since last request: 9.838017 seconds.
  path: Assets/Scenes/MainMenu.unity
  artifactKey: Guid(99c9720ab356a0642a771bea13969a05) Importer(815301076,1909f56bfc062723c751e8b465ee728b)
Start importing Assets/Scenes/MainMenu.unity using Guid(99c9720ab356a0642a771bea13969a05) Importer(815301076,1909f56bfc062723c751e8b465ee728b)  -> (artifact id: 'ce3ab69eb62b7e1ccbf30ad9d03cdefe') in 0.004930 seconds 
========================================================================
Received Import Request.
  Time since last request: 9.771558 seconds.
  path: Assets/Scenes/chapter1stage1.unity
  artifactKey: Guid(2ff87e96fe883ba4c94dcdb9b69873b9) Importer(815301076,1909f56bfc062723c751e8b465ee728b)
Start importing Assets/Scenes/chapter1stage1.unity using Guid(2ff87e96fe883ba4c94dcdb9b69873b9) Importer(815301076,1909f56bfc062723c751e8b465ee728b)  -> (artifact id: 'c58b3b0c3e140cc6d873bc55d9b350ef') in 0.005007 seconds 
========================================================================
Received Import Request.
  Time since last request: 57.486015 seconds.
  path: Assets/objek/Mouse.prefab
  artifactKey: Guid(808e4850841529940b2401e1361d1c4e) Importer(815301076,1909f56bfc062723c751e8b465ee728b)
Start importing Assets/objek/Mouse.prefab using Guid(808e4850841529940b2401e1361d1c4e) Importer(815301076,1909f56bfc062723c751e8b465ee728b)  -> (artifact id: '4f6355bf2f3052d4328a33b2ea3ab42e') in 0.317891 seconds 
========================================================================
Received Import Request.
  Time since last request: 0.000027 seconds.
  path: Assets/objek/pintudepan.prefab
  artifactKey: Guid(e2d8ebc7d490c3b43959c4255682d902) Importer(815301076,1909f56bfc062723c751e8b465ee728b)
Start importing Assets/objek/pintudepan.prefab using Guid(e2d8ebc7d490c3b43959c4255682d902) Importer(815301076,1909f56bfc062723c751e8b465ee728b)  -> (artifact id: 'f39f5c4055177498f6e596753a4e07fb') in 0.258544 seconds 
========================================================================
Received Import Request.
  Time since last request: 0.000044 seconds.
  path: Assets/objek/Tv.prefab
  artifactKey: Guid(5a4ff807dd322a548b725c229dc063d3) Importer(815301076,1909f56bfc062723c751e8b465ee728b)
Start importing Assets/objek/Tv.prefab using Guid(5a4ff807dd322a548b725c229dc063d3) Importer(815301076,1909f56bfc062723c751e8b465ee728b)  -> (artifact id: '3173fb62573c2b7fb84747a60dc317f7') in 0.024310 seconds 
========================================================================
Received Import Request.
  Time since last request: 0.000038 seconds.
  path: Assets/objek/wine_glass.prefab
  artifactKey: Guid(d9c5c086787f91b448f60a7b1792ac5d) Importer(815301076,1909f56bfc062723c751e8b465ee728b)
Start importing Assets/objek/wine_glass.prefab using Guid(d9c5c086787f91b448f60a7b1792ac5d) Importer(815301076,1909f56bfc062723c751e8b465ee728b)  -> (artifact id: 'ff4f92470675a8b50ab0c93a61bdd95b') in 0.027500 seconds 
========================================================================
Received Import Request.
  Time since last request: 0.000044 seconds.
  path: Assets/objek/petunjuk (1).prefab
  artifactKey: Guid(ec584d330e5558e4f9198934eb073c18) Importer(815301076,1909f56bfc062723c751e8b465ee728b)
Start importing Assets/objek/petunjuk (1).prefab using Guid(ec584d330e5558e4f9198934eb073c18) Importer(815301076,1909f56bfc062723c751e8b465ee728b)  -> (artifact id: 'f92e2a87943ac4aaa53523a39af7365c') in 0.020639 seconds 
========================================================================
Received Import Request.
  Time since last request: 0.000031 seconds.
  path: Assets/objek/pintukayu 1.prefab
  artifactKey: Guid(424c7f28bdbfbd94e956fbc40de91a1d) Importer(815301076,1909f56bfc062723c751e8b465ee728b)
Start importing Assets/objek/pintukayu 1.prefab using Guid(424c7f28bdbfbd94e956fbc40de91a1d) Importer(815301076,1909f56bfc062723c751e8b465ee728b)  -> (artifact id: '22a55db4ddece744160ece3dd1f06026') in 0.020108 seconds 
========================================================================
Received Import Request.
  Time since last request: 0.000027 seconds.
  path: Assets/objek/SAKLAR.prefab
  artifactKey: Guid(2692cff46526aa145865278a0f6a46fa) Importer(815301076,1909f56bfc062723c751e8b465ee728b)
Start importing Assets/objek/SAKLAR.prefab using Guid(2692cff46526aa145865278a0f6a46fa) Importer(815301076,1909f56bfc062723c751e8b465ee728b)  -> (artifact id: 'b4432595c5aa1ddbd299a61f6a141478') in 0.127102 seconds 
========================================================================
Received Import Request.
  Time since last request: 0.000042 seconds.
  path: Assets/objek/sofa.prefab
  artifactKey: Guid(d42ef3f06af0b444e941dbd221ba44d9) Importer(815301076,1909f56bfc062723c751e8b465ee728b)
Start importing Assets/objek/sofa.prefab using Guid(d42ef3f06af0b444e941dbd221ba44d9) Importer(815301076,1909f56bfc062723c751e8b465ee728b)  -> (artifact id: '058d56cfefbc2c0481b51e918eaee555') in 0.463704 seconds 
========================================================================
Received Import Request.
  Time since last request: 2.464531 seconds.
  path: Assets/Assets/Wall_Material.mat
  artifactKey: Guid(2e9a17715a0336848ba7e7a967aad404) Importer(815301076,1909f56bfc062723c751e8b465ee728b)
Start importing Assets/Assets/Wall_Material.mat using Guid(2e9a17715a0336848ba7e7a967aad404) Importer(815301076,1909f56bfc062723c751e8b465ee728b)  -> (artifact id: '99f65aa7881f288b4b9743710fee1a5e') in 0.031442 seconds 
========================================================================
Received Import Request.
  Time since last request: 4.409878 seconds.
  path: Assets/sprites/1.png
  artifactKey: Guid(0229a1187f5fe46428a2a00b5ee9a094) Importer(815301076,1909f56bfc062723c751e8b465ee728b)
Start importing Assets/sprites/1.png using Guid(0229a1187f5fe46428a2a00b5ee9a094) Importer(815301076,1909f56bfc062723c751e8b465ee728b)  -> (artifact id: '0474d23e2a0765a5f1852247fbe50d0d') in 0.272106 seconds 
========================================================================
Received Import Request.
  Time since last request: 0.000028 seconds.
  path: Assets/sprites/tblperiodik.png
  artifactKey: Guid(6a46a85fe33039d46a756b12f6a0c2df) Importer(815301076,1909f56bfc062723c751e8b465ee728b)
Start importing Assets/sprites/tblperiodik.png using Guid(6a46a85fe33039d46a756b12f6a0c2df) Importer(815301076,1909f56bfc062723c751e8b465ee728b)  -> (artifact id: '75d4b44b0c2f582d55b707cf13ee1130') in 0.047267 seconds 
========================================================================
Received Import Request.
  Time since last request: 0.000040 seconds.
  path: Assets/sprites/ok.png
  artifactKey: Guid(e832166305992974e9773e321bf544d5) Importer(815301076,1909f56bfc062723c751e8b465ee728b)
Start importing Assets/sprites/ok.png using Guid(e832166305992974e9773e321bf544d5) Importer(815301076,1909f56bfc062723c751e8b465ee728b)  -> (artifact id: '5e16a1cd91a597c265aafb4155500d65') in 0.133991 seconds 
========================================================================
Received Import Request.
  Time since last request: 0.000022 seconds.
  path: Assets/sprites/k+cs1.png
  artifactKey: Guid(fc173f31bf8a6c14d95a9e3d6ba1919f) Importer(815301076,1909f56bfc062723c751e8b465ee728b)
Start importing Assets/sprites/k+cs1.png using Guid(fc173f31bf8a6c14d95a9e3d6ba1919f) Importer(815301076,1909f56bfc062723c751e8b465ee728b)  -> (artifact id: '681620c7287f86b0179c14e834cad88a') in 0.129841 seconds 
========================================================================
Received Import Request.
  Time since last request: 0.000036 seconds.
  path: Assets/sprites/5.psd
  artifactKey: Guid(8798ba36d3107ec4296c0913e78fe62b) Importer(815301076,1909f56bfc062723c751e8b465ee728b)
Start importing Assets/sprites/5.psd using Guid(8798ba36d3107ec4296c0913e78fe62b) Importer(815301076,1909f56bfc062723c751e8b465ee728b)  -> (artifact id: 'be5f208684b8d785779c01f199a190c3') in 0.120799 seconds 
========================================================================
Received Import Request.
  Time since last request: 2.390747 seconds.
  path: Assets/Scenes/chapter1stage1/Lightmap-0_comp_dir.png
  artifactKey: Guid(370b077edc6588e47a3d287c771d1c9c) Importer(815301076,1909f56bfc062723c751e8b465ee728b)
Start importing Assets/Scenes/chapter1stage1/Lightmap-0_comp_dir.png using Guid(370b077edc6588e47a3d287c771d1c9c) Importer(815301076,1909f56bfc062723c751e8b465ee728b)  -> (artifact id: '25bf67fa989470b56ed8faec35a4ebbb') in 0.015577 seconds 
========================================================================
Received Import Request.
  Time since last request: 15.617024 seconds.
  path: Assets/UI/char.png
  artifactKey: Guid(db3106825df41ca46b892f153eafe345) Importer(815301076,1909f56bfc062723c751e8b465ee728b)
Start importing Assets/UI/char.png using Guid(db3106825df41ca46b892f153eafe345) Importer(815301076,1909f56bfc062723c751e8b465ee728b)  -> (artifact id: 'bbfafd6790703ed358cd8aa5d5e4cfc2') in 0.014802 seconds 
========================================================================
Received Import Request.
  Time since last request: 0.000024 seconds.
  path: Assets/UI/LOAD1.png
  artifactKey: Guid(d5518f5d36aac58408357d3e0228d32a) Importer(815301076,1909f56bfc062723c751e8b465ee728b)
Start importing Assets/UI/LOAD1.png using Guid(d5518f5d36aac58408357d3e0228d32a) Importer(815301076,1909f56bfc062723c751e8b465ee728b)  -> (artifact id: '538179b805938a183997af1698d35bf9') in 0.012441 seconds 
========================================================================
Received Import Request.
  Time since last request: 0.000053 seconds.
  path: Assets/UI/NEW.png
  artifactKey: Guid(dcd65bdb39b106340810c13e4803265b) Importer(815301076,1909f56bfc062723c751e8b465ee728b)
Start importing Assets/UI/NEW.png using Guid(dcd65bdb39b106340810c13e4803265b) Importer(815301076,1909f56bfc062723c751e8b465ee728b)  -> (artifact id: '27fda7553a5d7ac90eb4fe4c33379a59') in 0.024386 seconds 
========================================================================
Received Import Request.
  Time since last request: 51.889787 seconds.
  path: Assets/HomeStuff/Models/Bathtub.fbx
  artifactKey: Guid(47f8c297fa1cc4048a965530702b353d) Importer(815301076,1909f56bfc062723c751e8b465ee728b)
Start importing Assets/HomeStuff/Models/Bathtub.fbx using Guid(47f8c297fa1cc4048a965530702b353d) Importer(815301076,1909f56bfc062723c751e8b465ee728b)  -> (artifact id: '63cc69999312b1abdd89b33dabb61a28') in 0.068326 seconds 
========================================================================
Received Import Request.
  Time since last request: 0.000018 seconds.
  path: Assets/HomeStuff/Models/Lamp.fbx
  artifactKey: Guid(be1b3100d2863af4bb5022d0c5293618) Importer(815301076,1909f56bfc062723c751e8b465ee728b)
Start importing Assets/HomeStuff/Models/Lamp.fbx using Guid(be1b3100d2863af4bb5022d0c5293618) Importer(815301076,1909f56bfc062723c751e8b465ee728b)  -> (artifact id: '16e6ff470acf2db4524cd4c19b789afc') in 0.036166 seconds 
========================================================================
Received Import Request.
  Time since last request: 0.000036 seconds.
  path: Assets/HomeStuff/Models/Table.fbx
  artifactKey: Guid(cc464fd9cb747c0458bbd9f6e895c691) Importer(815301076,1909f56bfc062723c751e8b465ee728b)
Start importing Assets/HomeStuff/Models/Table.fbx using Guid(cc464fd9cb747c0458bbd9f6e895c691) Importer(815301076,1909f56bfc062723c751e8b465ee728b)  -> (artifact id: '324286ff8be52c8be28bada50d68b806') in 0.037023 seconds 
========================================================================
Received Import Request.
  Time since last request: 0.000034 seconds.
  path: Assets/HomeStuff/Models/Sofa.fbx
  artifactKey: Guid(1da05fbed83714140b3f47c9812d1e2f) Importer(815301076,1909f56bfc062723c751e8b465ee728b)
Start importing Assets/HomeStuff/Models/Sofa.fbx using Guid(1da05fbed83714140b3f47c9812d1e2f) Importer(815301076,1909f56bfc062723c751e8b465ee728b)  -> (artifact id: '624773636c6e26940d8a00b61a9c637d') in 0.031379 seconds 
========================================================================
Received Import Request.
  Time since last request: 0.000029 seconds.
  path: Assets/HomeStuff/Models/Book.4.fbx
  artifactKey: Guid(9b74755f49990804a99d5d68ea5d75a2) Importer(815301076,1909f56bfc062723c751e8b465ee728b)
Start importing Assets/HomeStuff/Models/Book.4.fbx using Guid(9b74755f49990804a99d5d68ea5d75a2) Importer(815301076,1909f56bfc062723c751e8b465ee728b)  -> (artifact id: 'f08ccc866f9c2ea777d8420a79b22aa3') in 0.032444 seconds 
========================================================================
Received Import Request.
  Time since last request: 0.000069 seconds.
  path: Assets/HomeStuff/Models/Mirror.fbx
  artifactKey: Guid(e26e73044dab43d4e8697635bc6eaaa3) Importer(815301076,1909f56bfc062723c751e8b465ee728b)
Start importing Assets/HomeStuff/Models/Mirror.fbx using Guid(e26e73044dab43d4e8697635bc6eaaa3) Importer(815301076,1909f56bfc062723c751e8b465ee728b)  -> (artifact id: '57ea0221535c9bc643e0a50646ab00ec') in 0.024187 seconds 
========================================================================
Received Import Request.
  Time since last request: 0.000020 seconds.
  path: Assets/HomeStuff/Models/Toilet.fbx
  artifactKey: Guid(b3f2c519619fcbd498ca63678fbe736a) Importer(815301076,1909f56bfc062723c751e8b465ee728b)
Start importing Assets/HomeStuff/Models/Toilet.fbx using Guid(b3f2c519619fcbd498ca63678fbe736a) Importer(815301076,1909f56bfc062723c751e8b465ee728b)  -> (artifact id: '3cacb541339aa97c3a041d029388a5e7') in 0.027427 seconds 
========================================================================
Received Import Request.
  Time since last request: 4.493124 seconds.
  path: Assets/objek/Bookshelf.prefab
  artifactKey: Guid(70144a0a4a5356b45bce989df5051166) Importer(815301076,1909f56bfc062723c751e8b465ee728b)
Start importing Assets/objek/Bookshelf.prefab using Guid(70144a0a4a5356b45bce989df5051166) Importer(815301076,1909f56bfc062723c751e8b465ee728b)  -> (artifact id: '705010be241a177ff1f40826f8a852c9') in 0.014208 seconds 
========================================================================
Received Import Request.
  Time since last request: 0.000033 seconds.
  path: Assets/objek/Coat_rack.prefab
  artifactKey: Guid(91529534a94db284ea14f802b9c4ecc8) Importer(815301076,1909f56bfc062723c751e8b465ee728b)
Start importing Assets/objek/Coat_rack.prefab using Guid(91529534a94db284ea14f802b9c4ecc8) Importer(815301076,1909f56bfc062723c751e8b465ee728b)  -> (artifact id: '0404938e0f15d8a872a80bac42cfc980') in 0.016198 seconds 
========================================================================
Received Import Request.
  Time since last request: 0.000027 seconds.
  path: Assets/objek/Desk 1.prefab
  artifactKey: Guid(eb5834435204e3947b1460b95b741cf0) Importer(815301076,1909f56bfc062723c751e8b465ee728b)
Start importing Assets/objek/Desk 1.prefab using Guid(eb5834435204e3947b1460b95b741cf0) Importer(815301076,1909f56bfc062723c751e8b465ee728b)  -> (artifact id: '5ae38f5f119784be32ab5d48c15fab46') in 0.014109 seconds 
========================================================================
Received Import Request.
  Time since last request: 0.000024 seconds.
  path: Assets/objek/Flask_04.prefab
  artifactKey: Guid(8ddc531ad22c10a49b3840950f4dd3ba) Importer(815301076,1909f56bfc062723c751e8b465ee728b)
Start importing Assets/objek/Flask_04.prefab using Guid(8ddc531ad22c10a49b3840950f4dd3ba) Importer(815301076,1909f56bfc062723c751e8b465ee728b)  -> (artifact id: '57027349ef5c7dd13f9af0fcb3ec2095') in 0.261033 seconds 
========================================================================
Received Import Request.
  Time since last request: 2.153991 seconds.
  path: Assets/objek/Alarm Clock.prefab
  artifactKey: Guid(90c93ed3d42c4734f8119a62e788fb3f) Importer(815301076,1909f56bfc062723c751e8b465ee728b)
Start importing Assets/objek/Alarm Clock.prefab using Guid(90c93ed3d42c4734f8119a62e788fb3f) Importer(815301076,1909f56bfc062723c751e8b465ee728b)  -> (artifact id: '9be066b8053d4f80683bfa627fd7f8cb') in 0.018151 seconds 
========================================================================
Received Import Request.
  Time since last request: 2.141751 seconds.
  path: Assets/Materials/New Material.mat
  artifactKey: Guid(50bb387f486a2d0449dbfa9b0b357aad) Importer(815301076,1909f56bfc062723c751e8b465ee728b)
Start importing Assets/Materials/New Material.mat using Guid(50bb387f486a2d0449dbfa9b0b357aad) Importer(815301076,1909f56bfc062723c751e8b465ee728b)  -> (artifact id: '25c7e65e4210c56e39dbb728577d54a9') in 0.014082 seconds 
========================================================================
Received Import Request.
  Time since last request: 0.000030 seconds.
  path: Assets/Materials/New Material 3.mat
  artifactKey: Guid(7ac580ecbb1facb45981bbe290e5c091) Importer(815301076,1909f56bfc062723c751e8b465ee728b)
Start importing Assets/Materials/New Material 3.mat using Guid(7ac580ecbb1facb45981bbe290e5c091) Importer(815301076,1909f56bfc062723c751e8b465ee728b)  -> (artifact id: '95cd64c99eb9f9473acae7d34a8fa8d5') in 0.021928 seconds 
========================================================================
Received Import Request.
  Time since last request: 0.000030 seconds.
  path: Assets/Materials/red.mat
  artifactKey: Guid(14977846e9661d742a98a720a9eacdcb) Importer(815301076,1909f56bfc062723c751e8b465ee728b)
Start importing Assets/Materials/red.mat using Guid(14977846e9661d742a98a720a9eacdcb) Importer(815301076,1909f56bfc062723c751e8b465ee728b)  -> (artifact id: 'fa1518cd8e743c0be2aa3d5e9a8dbcef') in 0.016187 seconds 
========================================================================
Received Import Request.
  Time since last request: 0.000050 seconds.
  path: Assets/Materials/pintualuminium.mat
  artifactKey: Guid(a664e3029fd623c40b77d83052a47828) Importer(815301076,1909f56bfc062723c751e8b465ee728b)
Start importing Assets/Materials/pintualuminium.mat using Guid(a664e3029fd623c40b77d83052a47828) Importer(815301076,1909f56bfc062723c751e8b465ee728b)  -> (artifact id: '097eacf1395d13e55ae0b8c7b53c2321') in 0.018804 seconds 
========================================================================
Received Import Request.
  Time since last request: 0.000034 seconds.
  path: Assets/Materials/tv1.mat
  artifactKey: Guid(b443af454cbbb9f42a2a65c12ee0c64c) Importer(815301076,1909f56bfc062723c751e8b465ee728b)
Start importing Assets/Materials/tv1.mat using Guid(b443af454cbbb9f42a2a65c12ee0c64c) Importer(815301076,1909f56bfc062723c751e8b465ee728b)  -> (artifact id: 'dd942df9f6ba0e6216865b9b6faff92e') in 0.016863 seconds 
========================================================================
Received Import Request.
  Time since last request: 0.000027 seconds.
  path: Assets/Materials/New Material 5.mat
  artifactKey: Guid(8461afff6436ef84a9bf58930144d5ca) Importer(815301076,1909f56bfc062723c751e8b465ee728b)
Start importing Assets/Materials/New Material 5.mat using Guid(8461afff6436ef84a9bf58930144d5ca) Importer(815301076,1909f56bfc062723c751e8b465ee728b)  -> (artifact id: 'fb9c840de13f8c91cbe3c41736e705bc') in 0.015221 seconds 
========================================================================
Received Import Request.
  Time since last request: 0.000022 seconds.
  path: Assets/Materials/wall.mat
  artifactKey: Guid(002d2f9939275654d87a668441bd6b54) Importer(815301076,1909f56bfc062723c751e8b465ee728b)
Start importing Assets/Materials/wall.mat using Guid(002d2f9939275654d87a668441bd6b54) Importer(815301076,1909f56bfc062723c751e8b465ee728b)  -> (artifact id: '14fce7285c180a95df6cd6c20bc00b48') in 0.024740 seconds 
========================================================================
Received Import Request.
  Time since last request: 1.001644 seconds.
  path: Assets/Materials/KMANDI.mat
  artifactKey: Guid(240d3311eab8daf41b805344fad1c572) Importer(815301076,1909f56bfc062723c751e8b465ee728b)
Start importing Assets/Materials/KMANDI.mat using Guid(240d3311eab8daf41b805344fad1c572) Importer(815301076,1909f56bfc062723c751e8b465ee728b)  -> (artifact id: '61ba02ead3ecec7aa68294e427120e21') in 0.021753 seconds 
========================================================================
Received Import Request.
  Time since last request: 0.046870 seconds.
  path: Assets/Materials/kayu2.mat
  artifactKey: Guid(d54e1c16a3224704a9be30ceb5d59d98) Importer(815301076,1909f56bfc062723c751e8b465ee728b)
Start importing Assets/Materials/kayu2.mat using Guid(d54e1c16a3224704a9be30ceb5d59d98) Importer(815301076,1909f56bfc062723c751e8b465ee728b)  -> (artifact id: '20965b8556897ebf61322e0eb65f5568') in 0.013629 seconds 
========================================================================
Received Import Request.
  Time since last request: 0.000018 seconds.
  path: Assets/Materials/key.mat
  artifactKey: Guid(5492f5af7e0b1fb4aa980b197018267b) Importer(815301076,1909f56bfc062723c751e8b465ee728b)
Start importing Assets/Materials/key.mat using Guid(5492f5af7e0b1fb4aa980b197018267b) Importer(815301076,1909f56bfc062723c751e8b465ee728b)  -> (artifact id: 'cff499add63790b3285408572b1c0c15') in 0.013183 seconds 
========================================================================
Received Import Request.
  Time since last request: 0.454794 seconds.
  path: Assets/Materials/glass.mat
  artifactKey: Guid(363710b7640b61a45b4a436bb625bd12) Importer(815301076,1909f56bfc062723c751e8b465ee728b)
Start importing Assets/Materials/glass.mat using Guid(363710b7640b61a45b4a436bb625bd12) Importer(815301076,1909f56bfc062723c751e8b465ee728b)  -> (artifact id: '5cdad7a373c84bbed47cd99e3c1fd268') in 0.014052 seconds 
========================================================================
Received Import Request.
  Time since last request: 0.000021 seconds.
  path: Assets/Materials/KARPET.mat
  artifactKey: Guid(65ad6c4179fcc374d84424f8ff3941cc) Importer(815301076,1909f56bfc062723c751e8b465ee728b)
Start importing Assets/Materials/KARPET.mat using Guid(65ad6c4179fcc374d84424f8ff3941cc) Importer(815301076,1909f56bfc062723c751e8b465ee728b)  -> (artifact id: '0be2acd7e8aa8811f7990aa1a583e194') in 0.117609 seconds 
========================================================================
Received Import Request.
  Time since last request: 1.342525 seconds.
  path: Assets/Materials/buncibesib.mat
  artifactKey: Guid(2461c4f009f509242a412150cabb1f65) Importer(815301076,1909f56bfc062723c751e8b465ee728b)
Start importing Assets/Materials/buncibesib.mat using Guid(2461c4f009f509242a412150cabb1f65) Importer(815301076,1909f56bfc062723c751e8b465ee728b)  -> (artifact id: '9b35833abe790f2d2eea4afd7d3773e7') in 0.015698 seconds 
========================================================================
Received Import Request.
  Time since last request: 14.262807 seconds.
  path: Assets/plants/dd/ddtex2.png
  artifactKey: Guid(f5aa502eb957d8440a59d2044d72dda6) Importer(815301076,1909f56bfc062723c751e8b465ee728b)
Start importing Assets/plants/dd/ddtex2.png using Guid(f5aa502eb957d8440a59d2044d72dda6) Importer(815301076,1909f56bfc062723c751e8b465ee728b)  -> (artifact id: '890490c5186831a5de520167bd9e023d') in 0.016830 seconds 
Editor requested this worker to shutdown with reason: Scaling down because of idle timeout
AssetImportWorker is now disconnected from the server
Process exiting
Exiting without the bug reporter. Application will terminate with return code 0